<?xml version="1.0" encoding="UTF-8"?>
<!-- Generated by org.testng.reporters.JUnitReportReporter -->
<testsuite hostname="DESKTOP-65AT08N" failures="0" tests="1" name="test_ng.testngex1" time="27.199" errors="0" timestamp="2025-08-20T09:10:54 IST" skipped="0">
  <testcase classname="test_ng.testngex1" name="verifyTitleAndLogin" time="27.199"/>
</testsuite> <!-- test_ng.testngex1 -->
