<?xml version="1.0" encoding="UTF-8"?>
<!-- Generated by org.testng.reporters.JUnitReportReporter -->
<testsuite hostname="DESKTOP-65AT08N" failures="0" tests="2" name="test_ng.NewTest" time="0.014" errors="0" timestamp="2025-08-18T22:23:43 IST" skipped="0">
  <testcase classname="test_ng.NewTest" name="some_Test" time="0.001"/>
  <testcase classname="test_ng.NewTest" name="f" time="0.013"/>
</testsuite> <!-- test_ng.NewTest -->
